[]
active near-infrared illumination

[]
Infrared astronomy

[]
red

[]
Infrared thermal-imaging cameras

[]
scientific

[{'answer': u'700 nm', 'end_pos': 1, 'type': 'NUMBER', 'id': 0, 'start_pos': 0}]
700 nm

[{'answer': u'IR', 'end_pos': 2, 'type': 'OTHER', 'id': 0, 'start_pos': 2}]
near-IR

[{'answer': u'780 nm', 'end_pos': 1, 'type': 'NUMBER', 'id': 0, 'start_pos': 0}]
780 nm

[{'answer': u'1050 nm', 'end_pos': 1, 'type': 'NUMBER', 'id': 0, 'start_pos': 0}]
1050 nm

[]
Leaves

[]
emissivity

[]
hotter

[]
infrared cameras

[]
Infrared vibrational spectroscopy

[]
it will absorb a photon that has the same frequency

[]
the frequencies of infrared light

[]
the mid-infrared

[]
infrared filters

[]
Digital cameras

[{'answer': u'T', 'end_pos': 1, 'type': 'OTHER', 'id': 0, 'start_pos': 1}]
'T-ray' imaging

[]
far-infrared

[]
terahertz time-domain spectroscopy

[]
Infrared reflectography

[]
carbon black

[]
pentimenti

[{'answer': u'William Herschel', 'end_pos': 1, 'type': u'PERSON', 'id': 0, 'start_pos': 0}]
William Herschel

[{'answer': u'Royal Society', 'end_pos': 2, 'type': 'OTHER', 'id': 0, 'start_pos': 1}, {'answer': u'London', 'end_pos': 4, 'type': u'LOCATION', 'id': 0, 'start_pos': 4}]
the Royal Society of London

[{'answer': 'end', 'end_pos': 'END', 'type': 'END', 'id': 0, 'start_pos': 'END'}]
1800

[]
a prism

[{'answer': u'Rays', 'end_pos': 1, 'type': 'OTHER', 'id': 0, 'start_pos': 1}]
Calorific Rays

[]
heat radiation

[{'answer': u'49 %', 'end_pos': 1, 'type': 'NUMBER', 'id': 0, 'start_pos': 0}]
49%

[{'answer': u'8', 'end_pos': 0, 'type': 'NUMBER', 'id': 0, 'start_pos': 0}]
8 to 25

[]
visible

[]
Infrared tracking

[]
Missiles

[]
heat-seekers

[]
vehicle engines

[]
infrared

